# JRE version: OpenJDK Runtime Environment Temurin-21.0.9+10 (21.0.9+10) (build 21.0.9+10-LTS)
# Java VM: OpenJDK 64-Bit Server VM Temurin-21.0.9+10 (21.0.9+10-LTS, mixed mode, sharing, tiered, compressed oops, compressed class ptrs, parallel gc, windows-amd64)
GC Precious Log:
 CardTable entry size: 512
 CPUs: 4 total, 4 available
 Memory: 8068M
 Large Page Support: Disabled
 NUMA Support: Disabled
 Compressed Oops: Enabled (32-bit)
 Alignments: Space 512K, Generation 512K, Heap 2M
 Heap Min Capacity: 100M
 Heap Initial Capacity: 100M
 Heap Max Capacity: 2G
 Pre-touch: Disabled
 Parallel Workers: 4
Heap:
 PSYoungGen      total 10240K, used 6378K [0x00000000d5580000, 0x00000000d6580000, 0x0000000100000000)
  eden space 9216K, 66% used [0x00000000d5580000,0x00000000d5b858e8,0x00000000d5e80000)
  from space 1024K, 20% used [0x00000000d6380000,0x00000000d63b5220,0x00000000d6480000)
  to   space 512K, 0% used [0x00000000d6500000,0x00000000d6500000,0x00000000d6580000)
 ParOldGen       total 762880K, used 121503K [0x0000000080000000, 0x00000000ae900000, 0x00000000d5580000)
  object space 762880K, 15% used [0x0000000080000000,0x00000000876a7e78,0x00000000ae900000)
 Metaspace       used 84636K, committed 86784K, reserved 1179648K
  class space    used 8364K, committed 9344K, reserved 1048576K
GC Heap History (20 events):
Event: 2337.036 GC heap before
{Heap before GC invocations=1537 (full 5):
 PSYoungGen      total 10240K, used 9498K [0x00000000d5580000, 0x00000000d6100000, 0x0000000100000000)
  eden space 9216K, 100% used [0x00000000d5580000,0x00000000d5e80000,0x00000000d5e80000)
  from space 1024K, 27% used [0x00000000d5e80000,0x00000000d5ec6900,0x00000000d5f80000)
  to   space 512K, 0% used [0x00000000d6080000,0x00000000d6080000,0x00000000d6100000)
 ParOldGen       total 762880K, used 112049K [0x0000000080000000, 0x00000000ae900000, 0x00000000d5580000)
  object space 762880K, 14% used [0x0000000080000000,0x0000000086d6c4c8,0x00000000ae900000)
 Metaspace       used 84576K, committed 86784K, reserved 1179648K
  class space    used 8360K, committed 9344K, reserved 1048576K
}
Event: 2337.040 GC heap after
{Heap after GC invocations=1537 (full 5):
 PSYoungGen      total 9728K, used 378K [0x00000000d5580000, 0x00000000d6100000, 0x0000000100000000)
  eden space 9216K, 0% used [0x00000000d5580000,0x00000000d5580000,0x00000000d5e80000)
  from space 512K, 73% used [0x00000000d6080000,0x00000000d60de900,0x00000000d6100000)
  to   space 512K, 0% used [0x00000000d6000000,0x00000000d6000000,0x00000000d6080000)
 ParOldGen       total 762880K, used 112073K [0x0000000080000000, 0x00000000ae900000, 0x00000000d5580000)
  object space 762880K, 14% used [0x0000000080000000,0x0000000086d724c8,0x00000000ae900000)
 Metaspace       used 84576K, committed 86784K, reserved 1179648K
  class space    used 8360K, committed 9344K, reserved 1048576K
}
Event: 2338.383 GC heap before
{Heap before GC invocations=1538 (full 5):
 PSYoungGen      total 9728K, used 9594K [0x00000000d5580000, 0x00000000d6100000, 0x0000000100000000)
  eden space 9216K, 100% used [0x00000000d5580000,0x00000000d5e80000,0x00000000d5e80000)
  from space 512K, 73% used [0x00000000d6080000,0x00000000d60de900,0x00000000d6100000)
  to   space 512K, 0% used [0x00000000d6000000,0x00000000d6000000,0x00000000d6080000)
 ParOldGen       total 762880K, used 112073K [0x0000000080000000, 0x00000000ae900000, 0x00000000d5580000)
  object space 762880K, 14% used [0x0000000080000000,0x0000000086d724c8,0x00000000ae900000)
 Metaspace       used 84580K, committed 86784K, reserved 1179648K
  class space    used 8360K, committed 9344K, reserved 1048576K
}
Event: 2338.393 GC heap after
{Heap after GC invocations=1538 (full 5):
 PSYoungGen      total 9728K, used 484K [0x00000000d5580000, 0x00000000d6100000, 0x0000000100000000)
  eden space 9216K, 0% used [0x00000000d5580000,0x00000000d5580000,0x00000000d5e80000)
  from space 512K, 94% used [0x00000000d6000000,0x00000000d6079210,0x00000000d6080000)
  to   space 512K, 0% used [0x00000000d6080000,0x00000000d6080000,0x00000000d6100000)
 ParOldGen       total 762880K, used 112485K [0x0000000080000000, 0x00000000ae900000, 0x00000000d5580000)
  object space 762880K, 14% used [0x0000000080000000,0x0000000086dd96c8,0x00000000ae900000)
 Metaspace       used 84580K, committed 86784K, reserved 1179648K
  class space    used 8360K, committed 9344K, reserved 1048576K
}
Event: 2406.818 GC heap before
{Heap before GC invocations=1539 (full 5):
 PSYoungGen      total 9728K, used 9700K [0x00000000d5580000, 0x00000000d6100000, 0x0000000100000000)
  eden space 9216K, 100% used [0x00000000d5580000,0x00000000d5e80000,0x00000000d5e80000)
  from space 512K, 94% used [0x00000000d6000000,0x00000000d6079210,0x00000000d6080000)
  to   space 512K, 0% used [0x00000000d6080000,0x00000000d6080000,0x00000000d6100000)
 ParOldGen       total 762880K, used 112485K [0x0000000080000000, 0x00000000ae900000, 0x00000000d5580000)
  object space 762880K, 14% used [0x0000000080000000,0x0000000086dd96c8,0x00000000ae900000)
 Metaspace       used 84601K, committed 86784K, reserved 1179648K
  class space    used 8362K, committed 9344K, reserved 1048576K
}
Event: 2406.823 GC heap after
{Heap after GC invocations=1539 (full 5):
 PSYoungGen      total 9728K, used 474K [0x00000000d5580000, 0x00000000d6100000, 0x0000000100000000)
  eden space 9216K, 0% used [0x00000000d5580000,0x00000000d5580000,0x00000000d5e80000)
  from space 512K, 92% used [0x00000000d6080000,0x00000000d60f6920,0x00000000d6100000)
  to   space 1024K, 0% used [0x00000000d5f00000,0x00000000d5f00000,0x00000000d6000000)
 ParOldGen       total 762880K, used 112962K [0x0000000080000000, 0x00000000ae900000, 0x00000000d5580000)
  object space 762880K, 14% used [0x0000000080000000,0x0000000086e508d8,0x00000000ae900000)
 Metaspace       used 84601K, committed 86784K, reserved 1179648K
  class space    used 8362K, committed 9344K, reserved 1048576K
}
Event: 2407.156 GC heap before
{Heap before GC invocations=1540 (full 5):
 PSYoungGen      total 9728K, used 9690K [0x00000000d5580000, 0x00000000d6100000, 0x0000000100000000)
  eden space 9216K, 100% used [0x00000000d5580000,0x00000000d5e80000,0x00000000d5e80000)
  from space 512K, 92% used [0x00000000d6080000,0x00000000d60f6920,0x00000000d6100000)
  to   space 1024K, 0% used [0x00000000d5f00000,0x00000000d5f00000,0x00000000d6000000)
 ParOldGen       total 762880K, used 112962K [0x0000000080000000, 0x00000000ae900000, 0x00000000d5580000)
  object space 762880K, 14% used [0x0000000080000000,0x0000000086e508d8,0x00000000ae900000)
 Metaspace       used 84601K, committed 86784K, reserved 1179648K
  class space    used 8362K, committed 9344K, reserved 1048576K
}
Event: 2407.158 GC heap after
{Heap after GC invocations=1540 (full 5):
 PSYoungGen      total 10240K, used 218K [0x00000000d5580000, 0x00000000d6100000, 0x0000000100000000)
  eden space 9216K, 0% used [0x00000000d5580000,0x00000000d5580000,0x00000000d5e80000)
  from space 1024K, 21% used [0x00000000d5f00000,0x00000000d5f36900,0x00000000d6000000)
  to   space 512K, 0% used [0x00000000d6080000,0x00000000d6080000,0x00000000d6100000)
 ParOldGen       total 762880K, used 113350K [0x0000000080000000, 0x00000000ae900000, 0x00000000d5580000)
  object space 762880K, 14% used [0x0000000080000000,0x0000000086eb1af8,0x00000000ae900000)
 Metaspace       used 84601K, committed 86784K, reserved 1179648K
  class space    used 8362K, committed 9344K, reserved 1048576K
}
Event: 2408.373 GC heap before
{Heap before GC invocations=1541 (full 5):
 PSYoungGen      total 10240K, used 9434K [0x00000000d5580000, 0x00000000d6100000, 0x0000000100000000)
  eden space 9216K, 100% used [0x00000000d5580000,0x00000000d5e80000,0x00000000d5e80000)
  from space 1024K, 21% used [0x00000000d5f00000,0x00000000d5f36900,0x00000000d6000000)
  to   space 512K, 0% used [0x00000000d6080000,0x00000000d6080000,0x00000000d6100000)
 ParOldGen       total 762880K, used 113350K [0x0000000080000000, 0x00000000ae900000, 0x00000000d5580000)
  object space 762880K, 14% used [0x0000000080000000,0x0000000086eb1af8,0x00000000ae900000)
 Metaspace       used 84606K, committed 86784K, reserved 1179648K
  class space    used 8362K, committed 9344K, reserved 1048576K
}
Event: 2408.375 GC heap after
{Heap after GC invocations=1541 (full 5):
 PSYoungGen      total 9728K, used 506K [0x00000000d5580000, 0x00000000d6180000, 0x0000000100000000)
  eden space 9216K, 0% used [0x00000000d5580000,0x00000000d5580000,0x00000000d5e80000)
  from space 512K, 98% used [0x00000000d6080000,0x00000000d60fe900,0x00000000d6100000)
  to   space 1536K, 0% used [0x00000000d5e80000,0x00000000d5e80000,0x00000000d6000000)
 ParOldGen       total 762880K, used 113842K [0x0000000080000000, 0x00000000ae900000, 0x00000000d5580000)
  object space 762880K, 14% used [0x0000000080000000,0x0000000086f2cb48,0x00000000ae900000)
 Metaspace       used 84606K, committed 86784K, reserved 1179648K
  class space    used 8362K, committed 9344K, reserved 1048576K
}
Event: 2408.694 GC heap before
{Heap before GC invocations=1542 (full 5):
 PSYoungGen      total 9728K, used 9722K [0x00000000d5580000, 0x00000000d6180000, 0x0000000100000000)
  eden space 9216K, 100% used [0x00000000d5580000,0x00000000d5e80000,0x00000000d5e80000)
  from space 512K, 98% used [0x00000000d6080000,0x00000000d60fe900,0x00000000d6100000)
  to   space 1536K, 0% used [0x00000000d5e80000,0x00000000d5e80000,0x00000000d6000000)
 ParOldGen       total 762880K, used 113842K [0x0000000080000000, 0x00000000ae900000, 0x00000000d5580000)
  object space 762880K, 14% used [0x0000000080000000,0x0000000086f2cb48,0x00000000ae900000)
 Metaspace       used 84607K, committed 86784K, reserved 1179648K
  class space    used 8362K, committed 9344K, reserved 1048576K
}
Event: 2408.712 GC heap after
{Heap after GC invocations=1542 (full 5):
 PSYoungGen      total 10752K, used 1525K [0x00000000d5580000, 0x00000000d6d80000, 0x0000000100000000)
  eden space 9216K, 0% used [0x00000000d5580000,0x00000000d5580000,0x00000000d5e80000)
  from space 1536K, 99% used [0x00000000d5e80000,0x00000000d5ffd550,0x00000000d6000000)
  to   space 7680K, 0% used [0x00000000d6600000,0x00000000d6600000,0x00000000d6d80000)
 ParOldGen       total 762880K, used 118959K [0x0000000080000000, 0x00000000ae900000, 0x00000000d5580000)
  object space 762880K, 15% used [0x0000000080000000,0x000000008742bd58,0x00000000ae900000)
 Metaspace       used 84607K, committed 86784K, reserved 1179648K
  class space    used 8362K, committed 9344K, reserved 1048576K
}
Event: 2408.732 GC heap before
{Heap before GC invocations=1543 (full 5):
 PSYoungGen      total 10752K, used 10741K [0x00000000d5580000, 0x00000000d6d80000, 0x0000000100000000)
  eden space 9216K, 100% used [0x00000000d5580000,0x00000000d5e80000,0x00000000d5e80000)
  from space 1536K, 99% used [0x00000000d5e80000,0x00000000d5ffd550,0x00000000d6000000)
  to   space 7680K, 0% used [0x00000000d6600000,0x00000000d6600000,0x00000000d6d80000)
 ParOldGen       total 762880K, used 118959K [0x0000000080000000, 0x00000000ae900000, 0x00000000d5580000)
  object space 762880K, 15% used [0x0000000080000000,0x000000008742bd58,0x00000000ae900000)
 Metaspace       used 84607K, committed 86784K, reserved 1179648K
  class space    used 8362K, committed 9344K, reserved 1048576K
}
Event: 2408.735 GC heap after
{Heap after GC invocations=1543 (full 5):
 PSYoungGen      total 10752K, used 1033K [0x00000000d5580000, 0x00000000d6780000, 0x0000000100000000)
  eden space 9216K, 0% used [0x00000000d5580000,0x00000000d5580000,0x00000000d5e80000)
  from space 1536K, 67% used [0x00000000d6600000,0x00000000d6702420,0x00000000d6780000)
  to   space 3072K, 0% used [0x00000000d6180000,0x00000000d6180000,0x00000000d6480000)
 ParOldGen       total 762880K, used 119165K [0x0000000080000000, 0x00000000ae900000, 0x00000000d5580000)
  object space 762880K, 15% used [0x0000000080000000,0x000000008745f4d8,0x00000000ae900000)
 Metaspace       used 84607K, committed 86784K, reserved 1179648K
  class space    used 8362K, committed 9344K, reserved 1048576K
}
Event: 2408.822 GC heap before
{Heap before GC invocations=1544 (full 5):
 PSYoungGen      total 10752K, used 10249K [0x00000000d5580000, 0x00000000d6780000, 0x0000000100000000)
  eden space 9216K, 100% used [0x00000000d5580000,0x00000000d5e80000,0x00000000d5e80000)
  from space 1536K, 67% used [0x00000000d6600000,0x00000000d6702420,0x00000000d6780000)
  to   space 3072K, 0% used [0x00000000d6180000,0x00000000d6180000,0x00000000d6480000)
 ParOldGen       total 762880K, used 119165K [0x0000000080000000, 0x00000000ae900000, 0x00000000d5580000)
  object space 762880K, 15% used [0x0000000080000000,0x000000008745f4d8,0x00000000ae900000)
 Metaspace       used 84611K, committed 86784K, reserved 1179648K
  class space    used 8362K, committed 9344K, reserved 1048576K
}
Event: 2408.828 GC heap after
{Heap after GC invocations=1544 (full 5):
 PSYoungGen      total 12288K, used 1172K [0x00000000d5580000, 0x00000000d6680000, 0x0000000100000000)
  eden space 9216K, 0% used [0x00000000d5580000,0x00000000d5580000,0x00000000d5e80000)
  from space 3072K, 38% used [0x00000000d6180000,0x00000000d62a5200,0x00000000d6480000)
  to   space 1536K, 0% used [0x00000000d6500000,0x00000000d6500000,0x00000000d6680000)
 ParOldGen       total 762880K, used 120083K [0x0000000080000000, 0x00000000ae900000, 0x00000000d5580000)
  object space 762880K, 15% used [0x0000000080000000,0x0000000087544db8,0x00000000ae900000)
 Metaspace       used 84611K, committed 86784K, reserved 1179648K
  class space    used 8362K, committed 9344K, reserved 1048576K
}
Event: 2409.071 GC heap before
{Heap before GC invocations=1545 (full 5):
 PSYoungGen      total 12288K, used 10388K [0x00000000d5580000, 0x00000000d6680000, 0x0000000100000000)
  eden space 9216K, 100% used [0x00000000d5580000,0x00000000d5e80000,0x00000000d5e80000)
  from space 3072K, 38% used [0x00000000d6180000,0x00000000d62a5200,0x00000000d6480000)
  to   space 1536K, 0% used [0x00000000d6500000,0x00000000d6500000,0x00000000d6680000)
 ParOldGen       total 762880K, used 120083K [0x0000000080000000, 0x00000000ae900000, 0x00000000d5580000)
  object space 762880K, 15% used [0x0000000080000000,0x0000000087544db8,0x00000000ae900000)
 Metaspace       used 84625K, committed 86784K, reserved 1179648K
  class space    used 8364K, committed 9344K, reserved 1048576K
}
Event: 2409.077 GC heap after
{Heap after GC invocations=1545 (full 5):
 PSYoungGen      total 9728K, used 416K [0x00000000d5580000, 0x00000000d6580000, 0x0000000100000000)
  eden space 9216K, 0% used [0x00000000d5580000,0x00000000d5580000,0x00000000d5e80000)
  from space 512K, 81% used [0x00000000d6500000,0x00000000d6568000,0x00000000d6580000)
  to   space 1024K, 0% used [0x00000000d6380000,0x00000000d6380000,0x00000000d6480000)
 ParOldGen       total 762880K, used 121146K [0x0000000080000000, 0x00000000ae900000, 0x00000000d5580000)
  object space 762880K, 15% used [0x0000000080000000,0x000000008764e998,0x00000000ae900000)
 Metaspace       used 84625K, committed 86784K, reserved 1179648K
  class space    used 8364K, committed 9344K, reserved 1048576K
}
Event: 2410.356 GC heap before
{Heap before GC invocations=1546 (full 5):
 PSYoungGen      total 9728K, used 9632K [0x00000000d5580000, 0x00000000d6580000, 0x0000000100000000)
  eden space 9216K, 100% used [0x00000000d5580000,0x00000000d5e80000,0x00000000d5e80000)
  from space 512K, 81% used [0x00000000d6500000,0x00000000d6568000,0x00000000d6580000)
  to   space 1024K, 0% used [0x00000000d6380000,0x00000000d6380000,0x00000000d6480000)
 ParOldGen       total 762880K, used 121146K [0x0000000080000000, 0x00000000ae900000, 0x00000000d5580000)
  object space 762880K, 15% used [0x0000000080000000,0x000000008764e998,0x00000000ae900000)
 Metaspace       used 84629K, committed 86784K, reserved 1179648K
  class space    used 8364K, committed 9344K, reserved 1048576K
}
Event: 2410.359 GC heap after
{Heap after GC invocations=1546 (full 5):
 PSYoungGen      total 10240K, used 212K [0x00000000d5580000, 0x00000000d6580000, 0x0000000100000000)
  eden space 9216K, 0% used [0x00000000d5580000,0x00000000d5580000,0x00000000d5e80000)
  from space 1024K, 20% used [0x00000000d6380000,0x00000000d63b5220,0x00000000d6480000)
  to   space 512K, 0% used [0x00000000d6500000,0x00000000d6500000,0x00000000d6580000)
 ParOldGen       total 762880K, used 121503K [0x0000000080000000, 0x00000000ae900000, 0x00000000d5580000)
  object space 762880K, 15% used [0x0000000080000000,0x00000000876a7e78,0x00000000ae900000)
 Metaspace       used 84629K, committed 86784K, reserved 1179648K
  class space    used 8364K, committed 9344K, reserved 1048576K
}

